<?xml version="1.0" encoding="UTF-8" ?>
<testsuite failures="0" time="1.41" errors="0" skipped="0" tests="4" name="com.gcfd.mongo.MongoTest">
  <properties>
[...]
</properties>
  <testcase time="1.219" classname="com.gcfd.mongo.MongoTest" name="testCount"/>
  <testcase time="0.112" classname="com.gcfd.mongo.MongoTest" name="testVisitlog"/>
  <testcase time="0.067" classname="com.gcfd.mongo.MongoTest" name="testGetList"/>
  <testcase time="0.012" classname="com.gcfd.mongo.MongoTest" name="testSaveVisitLog"/>
</testsuite>